{"level":"info","message":"Server started at http://localhost:5000","timestamp":"2023-07-03T08:03:21.357Z"}
{"level":"info","message":"Connected to database","timestamp":"2023-07-03T08:03:21.373Z"}
{"level":"info","message":"Server started at http://localhost:5000","timestamp":"2023-07-03T08:04:13.071Z"}
{"level":"info","message":"Connected to database","timestamp":"2023-07-03T08:04:13.093Z"}
{"level":"info","message":"Server started at http://localhost:5000","timestamp":"2023-07-03T08:05:54.655Z"}
{"level":"info","message":"Connected to database","timestamp":"2023-07-03T08:05:54.676Z"}
{"level":"info","message":"Server started at http://localhost:5000","timestamp":"2023-07-03T08:06:04.412Z"}
{"level":"info","message":"Connected to database","timestamp":"2023-07-03T08:06:04.429Z"}
{"level":"info","message":"Server started at http://localhost:5000","timestamp":"2023-07-03T08:06:05.502Z"}
{"level":"info","message":"Connected to database","timestamp":"2023-07-03T08:06:05.518Z"}
{"level":"info","message":"Server started at http://localhost:5000","timestamp":"2023-07-03T08:06:06.616Z"}
{"level":"info","message":"Connected to database","timestamp":"2023-07-03T08:06:06.636Z"}
{"level":"info","message":"Server started at http://localhost:5000","timestamp":"2023-07-03T08:06:12.549Z"}
{"level":"info","message":"Connected to database","timestamp":"2023-07-03T08:06:12.563Z"}
{"level":"info","message":"Server started at http://localhost:5000","timestamp":"2023-07-03T08:06:37.168Z"}
{"level":"info","message":"Connected to database","timestamp":"2023-07-03T08:06:37.185Z"}
{"level":"info","message":"Server started at http://localhost:5000","timestamp":"2023-07-03T08:06:49.572Z"}
{"level":"info","message":"Connected to database","timestamp":"2023-07-03T08:06:49.588Z"}
{"level":"info","message":"Server started at http://localhost:5000","timestamp":"2023-07-03T08:06:51.329Z"}
{"level":"info","message":"Connected to database","timestamp":"2023-07-03T08:06:51.346Z"}
{"level":"info","message":"Server started at http://localhost:5000","timestamp":"2023-07-03T08:07:02.375Z"}
{"level":"info","message":"Connected to database","timestamp":"2023-07-03T08:07:02.395Z"}
{"level":"info","message":"Server started at http://localhost:5000","timestamp":"2023-07-03T08:07:03.610Z"}
{"level":"info","message":"Connected to database","timestamp":"2023-07-03T08:07:03.626Z"}
{"level":"info","message":"Server started at http://localhost:5000","timestamp":"2023-07-03T08:07:54.148Z"}
{"level":"info","message":"Connected to database","timestamp":"2023-07-03T08:07:54.167Z"}
{"level":"info","message":"Server started at http://localhost:5000","timestamp":"2023-07-03T08:08:22.562Z"}
{"level":"info","message":"Connected to database","timestamp":"2023-07-03T08:08:22.580Z"}
{"level":"info","message":"Server started at http://localhost:5000","timestamp":"2023-07-03T08:08:39.300Z"}
{"level":"info","message":"Connected to database","timestamp":"2023-07-03T08:08:39.316Z"}
{"level":"info","message":"Server started at http://localhost:5000","timestamp":"2023-07-03T08:08:40.076Z"}
{"level":"info","message":"Connected to database","timestamp":"2023-07-03T08:08:40.091Z"}
{"level":"info","message":"Server started at http://localhost:5000","timestamp":"2023-07-03T08:09:15.156Z"}
{"level":"info","message":"Connected to database","timestamp":"2023-07-03T08:09:15.170Z"}
{"level":"info","message":"Server started at http://localhost:5000","timestamp":"2023-07-03T08:09:16.017Z"}
{"level":"info","message":"Connected to database","timestamp":"2023-07-03T08:09:16.036Z"}
{"level":"info","message":"Server started at http://localhost:5000","timestamp":"2023-07-03T08:09:18.314Z"}
{"level":"info","message":"Connected to database","timestamp":"2023-07-03T08:09:18.329Z"}
{"level":"info","message":"Server started at http://localhost:5000","timestamp":"2023-07-03T08:09:19.121Z"}
{"level":"info","message":"Connected to database","timestamp":"2023-07-03T08:09:19.137Z"}
{"level":"info","message":"Server started at http://localhost:5000","timestamp":"2023-07-03T08:09:19.837Z"}
{"level":"info","message":"Connected to database","timestamp":"2023-07-03T08:09:19.857Z"}
{"level":"info","message":"Server started at http://localhost:5000","timestamp":"2023-07-03T08:10:18.743Z"}
{"level":"info","message":"Connected to database","timestamp":"2023-07-03T08:10:18.757Z"}
{"level":"info","message":"Server started at http://localhost:5000","timestamp":"2023-07-03T08:10:43.861Z"}
{"level":"info","message":"Connected to database","timestamp":"2023-07-03T08:10:43.882Z"}
{"level":"info","message":"Server started at http://localhost:5000","timestamp":"2023-07-03T08:14:08.392Z"}
{"level":"info","message":"Connected to database","timestamp":"2023-07-03T08:14:08.415Z"}
{"level":"info","message":"Server started at http://localhost:5000","timestamp":"2023-07-03T08:15:04.470Z"}
{"level":"info","message":"Connected to database","timestamp":"2023-07-03T08:15:04.491Z"}
{"level":"info","message":"Server started at http://localhost:5000","timestamp":"2023-07-03T08:58:53.572Z"}
{"level":"info","message":"Connected to database","timestamp":"2023-07-03T08:58:53.596Z"}
{"level":"info","message":"Server started at http://localhost:5000","timestamp":"2023-07-03T08:59:04.424Z"}
{"level":"info","message":"Connected to database","timestamp":"2023-07-03T08:59:04.449Z"}
{"level":"info","message":"Server started at http://localhost:5000","timestamp":"2023-07-03T08:59:25.563Z"}
{"level":"info","message":"Connected to database","timestamp":"2023-07-03T08:59:25.589Z"}
{"level":"info","message":"Server started at http://localhost:5000","timestamp":"2023-07-03T08:59:42.756Z"}
{"level":"info","message":"Connected to database","timestamp":"2023-07-03T08:59:42.781Z"}
{"level":"info","message":"Server started at http://localhost:5000","timestamp":"2023-07-03T08:59:45.869Z"}
{"level":"info","message":"Connected to database","timestamp":"2023-07-03T08:59:45.893Z"}
{"level":"info","message":"Server started at http://localhost:5000","timestamp":"2023-07-03T09:00:09.657Z"}
{"level":"info","message":"Connected to database","timestamp":"2023-07-03T09:00:09.690Z"}
{"level":"info","message":"Server started at http://localhost:5000","timestamp":"2023-07-03T09:00:14.657Z"}
{"level":"info","message":"Connected to database","timestamp":"2023-07-03T09:00:14.682Z"}
{"level":"info","message":"Server started at http://localhost:5000","timestamp":"2023-07-03T09:00:16.409Z"}
{"level":"info","message":"Connected to database","timestamp":"2023-07-03T09:00:16.434Z"}
{"level":"info","message":"Server started at http://localhost:5000","timestamp":"2023-07-03T09:00:19.355Z"}
{"level":"info","message":"Connected to database","timestamp":"2023-07-03T09:00:19.381Z"}
{"level":"info","message":"Server started at http://localhost:5000","timestamp":"2023-07-03T09:00:30.448Z"}
{"level":"info","message":"Connected to database","timestamp":"2023-07-03T09:00:30.472Z"}
{"level":"info","message":"Server started at http://localhost:5000","timestamp":"2023-07-03T09:00:36.797Z"}
{"level":"info","message":"Connected to database","timestamp":"2023-07-03T09:00:36.824Z"}
{"level":"info","message":"Server started at http://localhost:5000","timestamp":"2023-07-03T09:00:38.013Z"}
{"level":"info","message":"Connected to database","timestamp":"2023-07-03T09:00:38.037Z"}
{"level":"info","message":"Server started at http://localhost:5000","timestamp":"2023-07-03T09:00:51.743Z"}
{"level":"info","message":"Connected to database","timestamp":"2023-07-03T09:00:51.767Z"}
{"level":"info","message":"Server started at http://localhost:5000","timestamp":"2023-07-03T09:01:02.287Z"}
{"level":"info","message":"Connected to database","timestamp":"2023-07-03T09:01:02.312Z"}
{"level":"info","message":"Server started at http://localhost:5000","timestamp":"2023-07-03T09:01:04.709Z"}
{"level":"info","message":"Connected to database","timestamp":"2023-07-03T09:01:04.733Z"}
{"level":"info","message":"Server started at http://localhost:5000","timestamp":"2023-07-03T09:01:13.652Z"}
{"level":"info","message":"Connected to database","timestamp":"2023-07-03T09:01:13.680Z"}
{"level":"info","message":"Server started at http://localhost:5000","timestamp":"2023-07-03T09:01:19.632Z"}
{"level":"info","message":"Connected to database","timestamp":"2023-07-03T09:01:19.657Z"}
{"level":"info","message":"Server started at http://localhost:5000","timestamp":"2023-07-03T09:01:24.318Z"}
{"level":"info","message":"Connected to database","timestamp":"2023-07-03T09:01:24.343Z"}
{"level":"info","message":"Server started at http://localhost:5000","timestamp":"2023-07-03T09:01:26.304Z"}
{"level":"info","message":"Connected to database","timestamp":"2023-07-03T09:01:26.328Z"}
{"level":"info","message":"Server started at http://localhost:5000","timestamp":"2023-07-03T09:01:28.341Z"}
{"level":"info","message":"Connected to database","timestamp":"2023-07-03T09:01:28.367Z"}
{"level":"info","message":"Server started at http://localhost:5000","timestamp":"2023-07-03T09:01:31.221Z"}
{"level":"info","message":"Connected to database","timestamp":"2023-07-03T09:01:31.248Z"}
{"level":"info","message":"Server started at http://localhost:5000","timestamp":"2023-07-03T09:01:35.595Z"}
{"level":"info","message":"Connected to database","timestamp":"2023-07-03T09:01:35.622Z"}
{"level":"info","message":"Server started at http://localhost:5000","timestamp":"2023-07-03T09:01:44.544Z"}
{"level":"info","message":"Connected to database","timestamp":"2023-07-03T09:01:44.571Z"}
{"level":"info","message":"Server started at http://localhost:5000","timestamp":"2023-07-03T09:01:51.204Z"}
{"level":"info","message":"Connected to database","timestamp":"2023-07-03T09:01:51.228Z"}
{"level":"info","message":"Server started at http://localhost:5000","timestamp":"2023-07-03T09:01:53.354Z"}
{"level":"info","message":"Connected to database","timestamp":"2023-07-03T09:01:53.379Z"}
{"level":"info","message":"Server started at http://localhost:5000","timestamp":"2023-07-03T09:02:11.187Z"}
{"level":"info","message":"Connected to database","timestamp":"2023-07-03T09:02:11.211Z"}
{"level":"info","message":"Server started at http://localhost:5000","timestamp":"2023-07-03T09:02:25.207Z"}
{"level":"info","message":"Connected to database","timestamp":"2023-07-03T09:02:25.238Z"}
{"level":"info","message":"Server started at http://localhost:5000","timestamp":"2023-07-03T09:02:26.595Z"}
{"level":"info","message":"Connected to database","timestamp":"2023-07-03T09:02:26.661Z"}
{"level":"info","message":"Server started at http://localhost:5000","timestamp":"2023-07-03T09:03:52.300Z"}
{"level":"info","message":"Connected to database","timestamp":"2023-07-03T09:03:52.330Z"}
{"level":"info","message":"Server started at http://localhost:5000","timestamp":"2023-07-03T09:03:55.334Z"}
{"level":"info","message":"Connected to database","timestamp":"2023-07-03T09:03:55.366Z"}
{"level":"info","message":"Server started at http://localhost:5000","timestamp":"2023-07-03T09:04:39.592Z"}
{"level":"info","message":"Connected to database","timestamp":"2023-07-03T09:04:39.663Z"}
{"level":"info","message":"Server started at http://localhost:5000","timestamp":"2023-07-03T09:06:04.556Z"}
{"level":"info","message":"Connected to database","timestamp":"2023-07-03T09:06:04.585Z"}
{"level":"info","message":"Server started at http://localhost:5000","timestamp":"2023-07-03T09:06:08.901Z"}
{"level":"info","message":"Connected to database","timestamp":"2023-07-03T09:06:08.929Z"}
{"level":"info","message":"Server started at http://localhost:5000","timestamp":"2023-07-03T09:06:12.054Z"}
{"level":"info","message":"Connected to database","timestamp":"2023-07-03T09:06:12.084Z"}
{"level":"info","message":"Server started at http://localhost:5000","timestamp":"2023-07-03T09:06:31.650Z"}
{"level":"info","message":"Connected to database","timestamp":"2023-07-03T09:06:31.675Z"}
{"level":"info","message":"Server started at http://localhost:5000","timestamp":"2023-07-03T09:06:53.541Z"}
{"level":"info","message":"Connected to database","timestamp":"2023-07-03T09:06:53.565Z"}
{"level":"info","message":"Server started at http://localhost:5000","timestamp":"2023-07-03T09:07:58.784Z"}
{"level":"info","message":"Connected to database","timestamp":"2023-07-03T09:07:58.814Z"}
{"level":"info","message":"Server started at http://localhost:5000","timestamp":"2023-07-03T09:08:00.161Z"}
{"level":"info","message":"Connected to database","timestamp":"2023-07-03T09:08:00.186Z"}
{"level":"info","message":"Server started at http://localhost:5000","timestamp":"2023-07-03T09:08:03.876Z"}
{"level":"info","message":"Connected to database","timestamp":"2023-07-03T09:08:03.901Z"}
{"level":"info","message":"Server started at http://localhost:5000","timestamp":"2023-07-03T09:08:07.140Z"}
{"level":"info","message":"Connected to database","timestamp":"2023-07-03T09:08:07.168Z"}
{"level":"info","message":"Server started at http://localhost:5000","timestamp":"2023-07-03T09:08:15.497Z"}
{"level":"info","message":"Connected to database","timestamp":"2023-07-03T09:08:15.521Z"}
{"level":"info","message":"Server started at http://localhost:5000","timestamp":"2023-07-03T09:08:16.761Z"}
{"level":"info","message":"Connected to database","timestamp":"2023-07-03T09:08:16.785Z"}
{"level":"info","message":"Server started at http://localhost:5000","timestamp":"2023-07-03T09:08:18.063Z"}
{"level":"info","message":"Connected to database","timestamp":"2023-07-03T09:08:18.091Z"}
{"level":"info","message":"Server started at http://localhost:5000","timestamp":"2023-07-03T09:08:20.171Z"}
{"level":"info","message":"Connected to database","timestamp":"2023-07-03T09:08:20.197Z"}
{"level":"info","message":"Server started at http://localhost:5000","timestamp":"2023-07-03T09:08:27.192Z"}
{"level":"info","message":"Connected to database","timestamp":"2023-07-03T09:08:27.221Z"}
{"level":"info","message":"Server started at http://localhost:5000","timestamp":"2023-07-03T09:08:38.337Z"}
{"level":"info","message":"Connected to database","timestamp":"2023-07-03T09:08:38.391Z"}
{"level":"info","message":"Server started at http://localhost:5000","timestamp":"2023-07-03T09:08:42.641Z"}
{"level":"info","message":"Connected to database","timestamp":"2023-07-03T09:08:42.665Z"}
{"level":"info","message":"Server started at http://localhost:5000","timestamp":"2023-07-03T09:08:44.000Z"}
{"level":"info","message":"Connected to database","timestamp":"2023-07-03T09:08:44.036Z"}
{"level":"info","message":"Server started at http://localhost:5000","timestamp":"2023-07-03T09:08:55.101Z"}
{"level":"info","message":"Connected to database","timestamp":"2023-07-03T09:08:55.124Z"}
{"level":"info","message":"Server started at http://localhost:5000","timestamp":"2023-07-03T09:09:02.786Z"}
{"level":"info","message":"Connected to database","timestamp":"2023-07-03T09:09:02.813Z"}
{"level":"info","message":"Server started at http://localhost:5000","timestamp":"2023-07-03T09:09:04.341Z"}
{"level":"info","message":"Connected to database","timestamp":"2023-07-03T09:09:04.372Z"}
{"level":"info","message":"Server started at http://localhost:5000","timestamp":"2023-07-03T09:09:10.483Z"}
{"level":"info","message":"Connected to database","timestamp":"2023-07-03T09:09:10.517Z"}
{"level":"info","message":"Server started at http://localhost:5000","timestamp":"2023-07-03T09:09:11.514Z"}
{"level":"info","message":"Connected to database","timestamp":"2023-07-03T09:09:11.538Z"}
{"level":"info","message":"Server started at http://localhost:5000","timestamp":"2023-07-03T09:09:21.095Z"}
{"level":"info","message":"Connected to database","timestamp":"2023-07-03T09:09:21.120Z"}
{"level":"info","message":"Server started at http://localhost:5000","timestamp":"2023-07-03T09:09:22.573Z"}
{"level":"info","message":"Connected to database","timestamp":"2023-07-03T09:09:22.606Z"}
{"level":"info","message":"Server started at http://localhost:5000","timestamp":"2023-07-03T09:09:26.666Z"}
{"level":"info","message":"Connected to database","timestamp":"2023-07-03T09:09:26.715Z"}
{"level":"error","timestamp":"2023-07-03T09:09:36.373Z"}
{"level":"error","timestamp":"2023-07-03T09:09:42.156Z"}
{"level":"error","timestamp":"2023-07-03T09:09:43.565Z"}
{"level":"info","message":"Server started at http://localhost:5000","timestamp":"2023-07-03T09:09:58.826Z"}
{"level":"info","message":"Connected to database","timestamp":"2023-07-03T09:09:58.852Z"}
{"level":"info","message":"Server started at http://localhost:5000","timestamp":"2023-07-03T09:10:00.865Z"}
{"level":"info","message":"Connected to database","timestamp":"2023-07-03T09:10:00.895Z"}
{"level":"error","timestamp":"2023-07-03T09:10:02.765Z"}
{"level":"info","message":"Server started at http://localhost:5000","timestamp":"2023-07-03T09:10:56.115Z"}
{"level":"info","message":"Connected to database","timestamp":"2023-07-03T09:10:56.138Z"}
{"level":"info","message":"Server started at http://localhost:5000","timestamp":"2023-07-03T09:11:10.850Z"}
{"level":"info","message":"Connected to database","timestamp":"2023-07-03T09:11:10.875Z"}
{"level":"info","message":"Server started at http://localhost:5000","timestamp":"2023-07-03T09:11:12.464Z"}
{"level":"info","message":"Connected to database","timestamp":"2023-07-03T09:11:12.490Z"}
{"level":"error","timestamp":"2023-07-03T09:11:18.800Z"}
{"level":"error","timestamp":"2023-07-03T09:11:57.727Z"}
{"level":"info","message":"Server started at http://localhost:5000","timestamp":"2023-07-03T09:12:47.716Z"}
{"level":"info","message":"Connected to database","timestamp":"2023-07-03T09:12:47.752Z"}
{"level":"info","message":"Server started at http://localhost:5000","timestamp":"2023-07-03T09:12:49.670Z"}
{"level":"info","message":"Connected to database","timestamp":"2023-07-03T09:12:49.705Z"}
{"level":"info","message":"Server started at http://localhost:5000","timestamp":"2023-07-03T09:13:04.599Z"}
{"level":"info","message":"Connected to database","timestamp":"2023-07-03T09:13:04.636Z"}
{"level":"info","message":"Server started at http://localhost:5000","timestamp":"2023-07-03T09:13:33.069Z"}
{"level":"info","message":"Connected to database","timestamp":"2023-07-03T09:13:33.156Z"}
{"level":"error","timestamp":"2023-07-03T09:13:42.599Z"}
{"level":"error","timestamp":"2023-07-03T09:13:42.600Z"}
{"level":"info","message":"Server started at http://localhost:5000","timestamp":"2023-07-03T09:13:57.946Z"}
{"level":"info","message":"Connected to database","timestamp":"2023-07-03T09:13:57.971Z"}
{"level":"info","message":"Server started at http://localhost:5000","timestamp":"2023-07-03T09:14:10.146Z"}
{"level":"info","message":"Connected to database","timestamp":"2023-07-03T09:14:10.175Z"}
{"level":"info","message":"Server started at http://localhost:5000","timestamp":"2023-07-03T09:14:17.542Z"}
{"level":"info","message":"Connected to database","timestamp":"2023-07-03T09:14:17.574Z"}
{"level":"info","message":"Server started at http://localhost:5000","timestamp":"2023-07-03T09:14:19.962Z"}
{"level":"info","message":"Connected to database","timestamp":"2023-07-03T09:14:19.990Z"}
{"level":"info","message":"Server started at http://localhost:5000","timestamp":"2023-07-03T09:14:22.990Z"}
{"level":"info","message":"Connected to database","timestamp":"2023-07-03T09:14:23.032Z"}
{"level":"info","message":"Server started at http://localhost:5000","timestamp":"2023-07-03T09:14:27.568Z"}
{"level":"info","message":"Connected to database","timestamp":"2023-07-03T09:14:27.608Z"}
{"level":"error","message":"Unable to generate token","timestamp":"2023-07-03T09:14:32.916Z"}
{"level":"error","timestamp":"2023-07-03T09:14:32.918Z"}
{"level":"error","message":"Unable to generate token","timestamp":"2023-07-03T09:14:34.407Z"}
{"level":"error","timestamp":"2023-07-03T09:14:34.407Z"}
{"level":"error","message":"Unable to generate token","timestamp":"2023-07-03T09:14:35.406Z"}
{"level":"error","timestamp":"2023-07-03T09:14:35.406Z"}
{"level":"info","message":"Server started at http://localhost:5000","timestamp":"2023-07-03T09:14:51.281Z"}
{"level":"info","message":"Connected to database","timestamp":"2023-07-03T09:14:51.308Z"}
{"level":"info","message":"Server started at http://localhost:5000","timestamp":"2023-07-03T09:14:52.887Z"}
{"level":"info","message":"Connected to database","timestamp":"2023-07-03T09:14:52.917Z"}
{"level":"info","message":"Server started at http://localhost:5000","timestamp":"2023-07-03T09:14:59.565Z"}
{"level":"info","message":"Connected to database","timestamp":"2023-07-03T09:14:59.591Z"}
{"level":"info","message":"Server started at http://localhost:5000","timestamp":"2023-07-03T09:15:04.898Z"}
{"level":"info","message":"Connected to database","timestamp":"2023-07-03T09:15:04.924Z"}
{"level":"info","message":"Server started at http://localhost:5000","timestamp":"2023-07-03T09:15:08.824Z"}
{"level":"info","message":"Connected to database","timestamp":"2023-07-03T09:15:08.849Z"}
{"level":"info","message":"Server started at http://localhost:5000","timestamp":"2023-07-03T09:15:10.497Z"}
{"level":"info","message":"Connected to database","timestamp":"2023-07-03T09:15:10.530Z"}
{"level":"info","message":"Server started at http://localhost:5000","timestamp":"2023-07-03T09:15:15.560Z"}
{"level":"info","message":"Connected to database","timestamp":"2023-07-03T09:15:15.586Z"}
{"level":"info","message":"Server started at http://localhost:5000","timestamp":"2023-07-03T09:15:19.020Z"}
{"level":"info","message":"Connected to database","timestamp":"2023-07-03T09:15:19.050Z"}
{"level":"info","message":"Server started at http://localhost:5000","timestamp":"2023-07-03T09:15:25.740Z"}
{"level":"info","message":"Connected to database","timestamp":"2023-07-03T09:15:25.767Z"}
{"level":"info","message":"Server started at http://localhost:5000","timestamp":"2023-07-03T09:15:28.231Z"}
{"level":"info","message":"Connected to database","timestamp":"2023-07-03T09:15:28.259Z"}
{"level":"info","message":"Server started at http://localhost:5000","timestamp":"2023-07-03T09:15:31.234Z"}
{"level":"info","message":"Connected to database","timestamp":"2023-07-03T09:15:31.261Z"}
{"level":"error","message":"Unable to generate token","timestamp":"2023-07-03T09:15:35.989Z"}
{"level":"error","timestamp":"2023-07-03T09:15:35.990Z"}
{"level":"info","message":"Server started at http://localhost:5000","timestamp":"2023-07-03T09:15:56.334Z"}
{"level":"info","message":"Connected to database","timestamp":"2023-07-03T09:15:56.361Z"}
{"level":"info","message":"Server started at http://localhost:5000","timestamp":"2023-07-03T09:15:59.429Z"}
{"level":"info","message":"Connected to database","timestamp":"2023-07-03T09:15:59.460Z"}
{"level":"info","message":"Server started at http://localhost:5000","timestamp":"2023-07-03T09:16:02.764Z"}
{"level":"info","message":"Connected to database","timestamp":"2023-07-03T09:16:02.791Z"}
{"level":"info","message":"Server started at http://localhost:5000","timestamp":"2023-07-03T09:16:04.614Z"}
{"level":"info","message":"Connected to database","timestamp":"2023-07-03T09:16:04.666Z"}
{"level":"error","message":"Unable to generate token","timestamp":"2023-07-03T09:16:06.205Z"}
{"level":"error","timestamp":"2023-07-03T09:16:06.206Z"}
{"level":"info","message":"Server started at http://localhost:5000","timestamp":"2023-07-03T09:16:42.339Z"}
{"level":"info","message":"Connected to database","timestamp":"2023-07-03T09:16:42.365Z"}
{"level":"error","message":"Unable to generate token","timestamp":"2023-07-03T09:17:04.069Z"}
{"level":"error","timestamp":"2023-07-03T09:17:04.070Z"}
{"level":"info","message":"Server started at http://localhost:5000","timestamp":"2023-07-03T09:17:15.866Z"}
{"level":"info","message":"Connected to database","timestamp":"2023-07-03T09:17:15.894Z"}
{"level":"info","message":"Server started at http://localhost:5000","timestamp":"2023-07-03T09:17:21.039Z"}
{"level":"info","message":"Connected to database","timestamp":"2023-07-03T09:17:21.067Z"}
{"level":"info","message":"Server started at http://localhost:5000","timestamp":"2023-07-03T09:17:23.549Z"}
{"level":"info","message":"Connected to database","timestamp":"2023-07-03T09:17:23.581Z"}
{"level":"error","message":"Unable to generate token","timestamp":"2023-07-03T09:17:24.987Z"}
{"level":"error","message":"Unable to login","timestamp":"2023-07-03T09:17:24.988Z"}
{"level":"info","message":"Server started at http://localhost:5000","timestamp":"2023-07-03T09:17:47.175Z"}
{"level":"info","message":"Connected to database","timestamp":"2023-07-03T09:17:47.220Z"}
{"level":"info","message":"Server started at http://localhost:5000","timestamp":"2023-07-03T09:17:51.055Z"}
{"level":"info","message":"Connected to database","timestamp":"2023-07-03T09:17:51.083Z"}
{"level":"info","message":"Server started at http://localhost:5000","timestamp":"2023-07-03T09:17:58.888Z"}
{"level":"info","message":"Connected to database","timestamp":"2023-07-03T09:17:58.939Z"}
{"level":"error","message":"Unable to generate token","timestamp":"2023-07-03T09:18:00.530Z"}
{"level":"error","timestamp":"2023-07-03T09:18:00.535Z"}
{"level":"info","message":"Server started at http://localhost:5000","timestamp":"2023-07-03T09:18:29.085Z"}
{"level":"info","message":"Connected to database","timestamp":"2023-07-03T09:18:29.117Z"}
{"level":"error","message":"Unable to generate token","timestamp":"2023-07-03T09:18:32.864Z"}
{"level":"error","message":"Unable to generate token","timestamp":"2023-07-03T09:18:40.933Z"}
{"level":"info","message":"Server started at http://localhost:5000","timestamp":"2023-07-03T09:18:55.464Z"}
{"level":"info","message":"Connected to database","timestamp":"2023-07-03T09:18:55.508Z"}
{"level":"info","message":"Server started at http://localhost:5000","timestamp":"2023-07-03T09:18:57.692Z"}
{"level":"info","message":"Connected to database","timestamp":"2023-07-03T09:18:57.719Z"}
{"level":"info","message":"Server started at http://localhost:5000","timestamp":"2023-07-03T09:19:01.091Z"}
{"level":"info","message":"Connected to database","timestamp":"2023-07-03T09:19:01.128Z"}
{"level":"error","message":"Unable to generate token","timestamp":"2023-07-03T09:19:02.652Z"}
{"level":"info","message":"Server started at http://localhost:5000","timestamp":"2023-07-03T09:19:29.314Z"}
{"level":"info","message":"Connected to database","timestamp":"2023-07-03T09:19:29.347Z"}
{"level":"info","message":"Server started at http://localhost:5000","timestamp":"2023-07-03T09:19:47.311Z"}
{"level":"info","message":"Connected to database","timestamp":"2023-07-03T09:19:47.377Z"}
{"level":"info","message":"Server started at http://localhost:5000","timestamp":"2023-07-03T09:19:48.878Z"}
{"level":"info","message":"Connected to database","timestamp":"2023-07-03T09:19:48.903Z"}
{"level":"info","message":"Server started at http://localhost:5000","timestamp":"2023-07-03T09:19:54.921Z"}
{"level":"info","message":"Connected to database","timestamp":"2023-07-03T09:19:54.972Z"}
{"level":"error","message":"Unable to generate token","timestamp":"2023-07-03T09:19:55.828Z"}
{"level":"info","message":"Server started at http://localhost:5000","timestamp":"2023-07-03T09:20:20.465Z"}
{"level":"info","message":"Connected to database","timestamp":"2023-07-03T09:20:20.491Z"}
{"level":"error","message":"Unable to generate token","timestamp":"2023-07-03T09:20:28.437Z"}
{"level":"info","message":"Server started at http://localhost:5000","timestamp":"2023-07-03T09:20:56.894Z"}
{"level":"info","message":"Connected to database","timestamp":"2023-07-03T09:20:56.941Z"}
{"level":"info","message":"Server started at http://localhost:5000","timestamp":"2023-07-03T09:21:08.116Z"}
{"level":"info","message":"Connected to database","timestamp":"2023-07-03T09:21:08.143Z"}
{"level":"info","message":"Server started at http://localhost:5000","timestamp":"2023-07-03T09:21:09.581Z"}
{"level":"info","message":"Connected to database","timestamp":"2023-07-03T09:21:09.607Z"}
{"level":"info","message":"Server started at http://localhost:5000","timestamp":"2023-07-03T09:21:13.154Z"}
{"level":"info","message":"Connected to database","timestamp":"2023-07-03T09:21:13.187Z"}
{"level":"error","message":"Unable to generate token","timestamp":"2023-07-03T09:21:14.803Z"}
{"level":"error","timestamp":"2023-07-03T09:21:14.807Z"}
{"level":"info","message":"Server started at http://localhost:5000","timestamp":"2023-07-03T09:21:36.821Z"}
{"level":"info","message":"Connected to database","timestamp":"2023-07-03T09:21:36.869Z"}
{"level":"info","message":"Server started at http://localhost:5000","timestamp":"2023-07-03T09:21:41.446Z"}
{"level":"info","message":"Connected to database","timestamp":"2023-07-03T09:21:41.481Z"}
{"level":"info","message":"Server started at http://localhost:5000","timestamp":"2023-07-03T09:21:50.032Z"}
{"level":"info","message":"Connected to database","timestamp":"2023-07-03T09:21:50.071Z"}
{"level":"error","message":"Unable to generate token","timestamp":"2023-07-03T09:21:53.034Z"}
{"level":"info","message":"Server started at http://localhost:5000","timestamp":"2023-07-03T09:22:09.569Z"}
{"level":"info","message":"Connected to database","timestamp":"2023-07-03T09:22:09.594Z"}
{"level":"info","message":"Server started at http://localhost:5000","timestamp":"2023-07-03T09:22:20.828Z"}
{"level":"info","message":"Connected to database","timestamp":"2023-07-03T09:22:20.861Z"}
{"level":"info","message":"Server started at http://localhost:5000","timestamp":"2023-07-03T09:22:22.721Z"}
{"level":"info","message":"Connected to database","timestamp":"2023-07-03T09:22:22.756Z"}
{"level":"info","message":"Server started at http://localhost:5000","timestamp":"2023-07-03T09:22:23.886Z"}
{"level":"info","message":"Connected to database","timestamp":"2023-07-03T09:22:23.912Z"}
{"level":"info","message":"Server started at http://localhost:5000","timestamp":"2023-07-03T09:22:31.306Z"}
{"level":"info","message":"Connected to database","timestamp":"2023-07-03T09:22:31.332Z"}
{"level":"info","message":"Server started at http://localhost:5000","timestamp":"2023-07-03T09:22:32.825Z"}
{"level":"info","message":"Connected to database","timestamp":"2023-07-03T09:22:32.876Z"}
{"level":"info","message":"Server started at http://localhost:5000","timestamp":"2023-07-03T09:22:54.084Z"}
{"level":"info","message":"Connected to database","timestamp":"2023-07-03T09:22:54.111Z"}
{"level":"error","timestamp":"2023-07-03T09:22:59.796Z"}
{"level":"info","message":"Server started at http://localhost:5000","timestamp":"2023-07-03T09:23:12.838Z"}
{"level":"info","message":"Connected to database","timestamp":"2023-07-03T09:23:12.872Z"}
{"level":"error","timestamp":"2023-07-03T09:23:14.343Z"}
{"level":"info","message":"Server started at http://localhost:5000","timestamp":"2023-07-03T09:23:26.359Z"}
{"level":"info","message":"Connected to database","timestamp":"2023-07-03T09:23:26.385Z"}
{"level":"info","message":"Server started at http://localhost:5000","timestamp":"2023-07-03T09:23:28.524Z"}
{"level":"info","message":"Connected to database","timestamp":"2023-07-03T09:23:28.559Z"}
{"level":"info","message":"Server started at http://localhost:5000","timestamp":"2023-07-03T09:23:34.435Z"}
{"level":"info","message":"Connected to database","timestamp":"2023-07-03T09:23:34.485Z"}
{"level":"info","message":"Server started at http://localhost:5000","timestamp":"2023-07-03T09:23:38.025Z"}
{"level":"info","message":"Connected to database","timestamp":"2023-07-03T09:23:38.065Z"}
{"level":"error","message":"Error: Error: secretOrPrivateKey must have a value","timestamp":"2023-07-03T09:23:40.078Z"}
{"level":"info","message":"Server started at http://localhost:5000","timestamp":"2023-07-03T09:24:06.056Z"}
{"level":"info","message":"Connected to database","timestamp":"2023-07-03T09:24:06.083Z"}
{"level":"info","message":"Server started at http://localhost:5000","timestamp":"2023-07-03T09:24:16.020Z"}
{"level":"info","message":"Connected to database","timestamp":"2023-07-03T09:24:16.049Z"}
{"level":"info","message":"Server started at http://localhost:5000","timestamp":"2023-07-03T09:24:18.471Z"}
{"level":"info","message":"Connected to database","timestamp":"2023-07-03T09:24:18.518Z"}
{"level":"info","message":"Server started at http://localhost:5000","timestamp":"2023-07-03T09:24:21.102Z"}
{"level":"info","message":"Connected to database","timestamp":"2023-07-03T09:24:21.130Z"}
{"level":"info","message":"Server started at http://localhost:5000","timestamp":"2023-07-03T09:24:24.254Z"}
{"level":"info","message":"Connected to database","timestamp":"2023-07-03T09:24:24.288Z"}
{"level":"error","message":"Error: Error: secretOrPrivateKey must have a value","timestamp":"2023-07-03T09:24:26.049Z"}
{"level":"info","message":"Server started at http://localhost:5000","timestamp":"2023-07-03T09:24:37.193Z"}
{"level":"info","message":"Connected to database","timestamp":"2023-07-03T09:24:37.229Z"}
{"level":"info","message":"Server started at http://localhost:5000","timestamp":"2023-07-03T09:24:42.846Z"}
{"level":"info","message":"Connected to database","timestamp":"2023-07-03T09:24:42.877Z"}
{"level":"info","message":"Server started at http://localhost:5000","timestamp":"2023-07-03T09:24:46.358Z"}
{"level":"info","message":"Connected to database","timestamp":"2023-07-03T09:24:46.386Z"}
{"level":"info","message":"Server started at http://localhost:5000","timestamp":"2023-07-03T09:24:54.322Z"}
{"level":"info","message":"Connected to database","timestamp":"2023-07-03T09:24:54.347Z"}
{"level":"info","message":"Server started at http://localhost:5000","timestamp":"2023-07-03T09:25:12.914Z"}
{"level":"info","message":"Connected to database","timestamp":"2023-07-03T09:25:12.945Z"}
{"level":"error","message":"Error: Error: secretOrPrivateKey must have a value","timestamp":"2023-07-03T09:25:19.642Z"}
{"level":"error","message":"Error: Error: secretOrPrivateKey must have a value","timestamp":"2023-07-03T09:25:33.901Z"}
{"level":"info","message":"Server started at http://localhost:5000","timestamp":"2023-07-03T09:25:38.951Z"}
{"level":"info","message":"Connected to database","timestamp":"2023-07-03T09:25:38.984Z"}
{"level":"info","message":"Server started at http://localhost:5000","timestamp":"2023-07-03T09:26:03.233Z"}
{"level":"info","message":"Connected to database","timestamp":"2023-07-03T09:26:03.260Z"}
