{"level":"error","timestamp":"2023-07-03T09:09:36.373Z"}
{"level":"error","timestamp":"2023-07-03T09:09:42.156Z"}
{"level":"error","timestamp":"2023-07-03T09:09:43.565Z"}
{"level":"error","timestamp":"2023-07-03T09:10:02.765Z"}
{"level":"error","timestamp":"2023-07-03T09:11:18.800Z"}
{"level":"error","timestamp":"2023-07-03T09:11:57.727Z"}
{"level":"error","timestamp":"2023-07-03T09:13:42.599Z"}
{"level":"error","timestamp":"2023-07-03T09:13:42.600Z"}
{"level":"error","message":"Unable to generate token","timestamp":"2023-07-03T09:14:32.916Z"}
{"level":"error","timestamp":"2023-07-03T09:14:32.918Z"}
{"level":"error","message":"Unable to generate token","timestamp":"2023-07-03T09:14:34.407Z"}
{"level":"error","timestamp":"2023-07-03T09:14:34.407Z"}
{"level":"error","message":"Unable to generate token","timestamp":"2023-07-03T09:14:35.406Z"}
{"level":"error","timestamp":"2023-07-03T09:14:35.406Z"}
{"level":"error","message":"Unable to generate token","timestamp":"2023-07-03T09:15:35.989Z"}
{"level":"error","timestamp":"2023-07-03T09:15:35.990Z"}
{"level":"error","message":"Unable to generate token","timestamp":"2023-07-03T09:16:06.205Z"}
{"level":"error","timestamp":"2023-07-03T09:16:06.206Z"}
{"level":"error","message":"Unable to generate token","timestamp":"2023-07-03T09:17:04.069Z"}
{"level":"error","timestamp":"2023-07-03T09:17:04.070Z"}
{"level":"error","message":"Unable to generate token","timestamp":"2023-07-03T09:17:24.987Z"}
{"level":"error","message":"Unable to login","timestamp":"2023-07-03T09:17:24.988Z"}
{"level":"error","message":"Unable to generate token","timestamp":"2023-07-03T09:18:00.530Z"}
{"level":"error","timestamp":"2023-07-03T09:18:00.535Z"}
{"level":"error","message":"Unable to generate token","timestamp":"2023-07-03T09:18:32.864Z"}
{"level":"error","message":"Unable to generate token","timestamp":"2023-07-03T09:18:40.933Z"}
{"level":"error","message":"Unable to generate token","timestamp":"2023-07-03T09:19:02.652Z"}
{"level":"error","message":"Unable to generate token","timestamp":"2023-07-03T09:19:55.828Z"}
{"level":"error","message":"Unable to generate token","timestamp":"2023-07-03T09:20:28.437Z"}
{"level":"error","message":"Unable to generate token","timestamp":"2023-07-03T09:21:14.803Z"}
{"level":"error","timestamp":"2023-07-03T09:21:14.807Z"}
{"level":"error","message":"Unable to generate token","timestamp":"2023-07-03T09:21:53.034Z"}
{"level":"error","timestamp":"2023-07-03T09:22:59.796Z"}
{"level":"error","timestamp":"2023-07-03T09:23:14.343Z"}
{"level":"error","message":"Error: Error: secretOrPrivateKey must have a value","timestamp":"2023-07-03T09:23:40.078Z"}
{"level":"error","message":"Error: Error: secretOrPrivateKey must have a value","timestamp":"2023-07-03T09:24:26.049Z"}
{"level":"error","message":"Error: Error: secretOrPrivateKey must have a value","timestamp":"2023-07-03T09:25:19.642Z"}
{"level":"error","message":"Error: Error: secretOrPrivateKey must have a value","timestamp":"2023-07-03T09:25:33.901Z"}
{"level":"error","message":"User already exists","timestamp":"2023-07-03T09:55:28.158Z"}
{"level":"error","message":"Error: User is Not Authorized","timestamp":"2023-07-03T10:38:45.474Z"}
{"level":"error","message":"Error: User is Not Authorized","timestamp":"2023-07-03T10:59:22.297Z"}
{"level":"error","message":"TypeError: forgetPasswordTokenGenerator.generete is not a function","timestamp":"2023-07-03T11:00:57.012Z"}
{"level":"error","message":"TypeError: forgetPasswordTokenGenerator.generete is not a function","timestamp":"2023-07-03T11:02:08.741Z"}
{"level":"error","message":"Error: User is not Atuthorized or Token  is Missing","timestamp":"2023-07-03T11:18:22.328Z"}
{"level":"error","message":"TypeError: Cannot read properties of undefined (reading 'email')","timestamp":"2023-07-03T11:27:47.566Z"}
{"level":"error","message":"TypeError: Cannot read properties of undefined (reading 'email')","timestamp":"2023-07-03T11:28:22.810Z"}
{"level":"error","message":"TypeError: Cannot read properties of null (reading 'token')","timestamp":"2023-07-03T11:29:04.253Z"}
{"level":"error","message":"ObjectParameterError: Parameter \"filter\" to findOne() must be an object, got \"s\" (type string)","timestamp":"2023-07-03T11:29:26.025Z"}
{"level":"error","message":"TypeError: Cannot read properties of null (reading 'token')","timestamp":"2023-07-03T11:30:04.499Z"}
{"level":"error","message":"TypeError: Cannot read properties of null (reading 'token')","timestamp":"2023-07-03T11:31:06.835Z"}
{"level":"error","message":"TypeError: Cannot read properties of null (reading 'token')","timestamp":"2023-07-03T11:31:29.585Z"}
{"level":"error","message":"TypeError: Cannot read properties of null (reading 'token')","timestamp":"2023-07-03T11:31:46.343Z"}
{"level":"error","message":"TypeError: Cannot read properties of null (reading 'token')","timestamp":"2023-07-03T11:32:51.035Z"}
{"level":"error","message":"Error: User is Not Authorized","timestamp":"2023-07-03T11:33:58.133Z"}
{"level":"error","message":"Error: User is Not Authorized","timestamp":"2023-07-03T11:51:51.857Z"}
